<?xml version="1.0" encoding="UTF-8"?>
<testng-results skipped="0" failed="0" total="1" passed="1">
  <reporter-output>
  </reporter-output>
  <suite name="Suite" duration-ms="14945" started-at="2014-12-25T14:28:39Z" finished-at="2014-12-25T14:28:54Z">
    <groups>
    </groups>
    <test name="Test" duration-ms="14945" started-at="2014-12-25T14:28:39Z" finished-at="2014-12-25T14:28:54Z">
      <class name="com.sundeepmachado.GoogleSearch">
        <test-method status="PASS" signature="setUp()" name="setUp" is-config="true" duration-ms="12104" started-at="2014-12-25T14:28:39Z" finished-at="2014-12-25T14:28:52Z">
        </test-method>
        <test-method status="PASS" signature="googleSearchTest()" name="googleSearchTest" duration-ms="2808" started-at="2014-12-25T14:28:52Z" finished-at="2014-12-25T14:28:54Z">
        </test-method>
        <test-method status="PASS" signature="tearDown()" name="tearDown" is-config="true" duration-ms="14" started-at="2014-12-25T14:28:54Z" finished-at="2014-12-25T14:28:54Z">
        </test-method>
      </class>
    </test>
  </suite>
</testng-results>
